Using pre-set license
Built from '2021.3/staging' branch; Version is '2021.3.7f1 (24e8595d6d43) revision 2418777'; Using compiler version '192829333'; Build Type 'Release'
OS: 'Windows 10  (10.0.19045) 64bit Professional' Language: 'ru' Physical Memory: 32449 MB
BatchMode: 1, IsHumanControllingUs: 0, StartBugReporterOnCrash: 0, Is64bit: 1, IsPro: 1

COMMAND LINE ARGUMENTS:
C:\Program Files\Unity\Hub\Editor\2021.3.7f1\Editor\Unity.exe
-adb2
-batchMode
-noUpm
-name
AssetImportWorker4
-projectPath
C:/Users/Dchan/Documents/GitHub/Patterns
-logFile
Logs/AssetImportWorker4.log
-srvPort
56154
Successfully changed project path to: C:/Users/Dchan/Documents/GitHub/Patterns
C:/Users/Dchan/Documents/GitHub/Patterns
[UnityMemory] Configuration Parameters - Can be set up in boot.config
    "memorysetup-bucket-allocator-granularity=16"
    "memorysetup-bucket-allocator-bucket-count=8"
    "memorysetup-bucket-allocator-block-size=33554432"
    "memorysetup-bucket-allocator-block-count=8"
    "memorysetup-main-allocator-block-size=16777216"
    "memorysetup-thread-allocator-block-size=16777216"
    "memorysetup-gfx-main-allocator-block-size=16777216"
    "memorysetup-gfx-thread-allocator-block-size=16777216"
    "memorysetup-cache-allocator-block-size=4194304"
    "memorysetup-typetree-allocator-block-size=2097152"
    "memorysetup-profiler-bucket-allocator-granularity=16"
    "memorysetup-profiler-bucket-allocator-bucket-count=8"
    "memorysetup-profiler-bucket-allocator-block-size=33554432"
    "memorysetup-profiler-bucket-allocator-block-count=8"
    "memorysetup-profiler-allocator-block-size=16777216"
    "memorysetup-profiler-editor-allocator-block-size=1048576"
    "memorysetup-temp-allocator-size-main=16777216"
    "memorysetup-job-temp-allocator-block-size=2097152"
    "memorysetup-job-temp-allocator-block-size-background=1048576"
    "memorysetup-job-temp-allocator-reduction-small-platforms=262144"
    "memorysetup-temp-allocator-size-background-worker=32768"
    "memorysetup-temp-allocator-size-job-worker=262144"
    "memorysetup-temp-allocator-size-preload-manager=33554432"
    "memorysetup-temp-allocator-size-nav-mesh-worker=65536"
    "memorysetup-temp-allocator-size-audio-worker=65536"
    "memorysetup-temp-allocator-size-cloud-worker=32768"
    "memorysetup-temp-allocator-size-gi-baking-worker=262144"
    "memorysetup-temp-allocator-size-gfx=262144"
Refreshing native plugins compatible for Editor in 70.29 ms, found 4 plugins.
Preloading 0 native plugins for Editor in 0.00 ms.
Initialize engine version: 2021.3.7f1 (24e8595d6d43)
[Subsystems] Discovering subsystems at path C:/Program Files/Unity/Hub/Editor/2021.3.7f1/Editor/Data/Resources/UnitySubsystems
[Subsystems] Discovering subsystems at path C:/Users/Dchan/Documents/GitHub/Patterns/Assets
GfxDevice: creating device client; threaded=0; jobified=0
Direct3D:
    Version:  Direct3D 11.0 [level 11.1]
    Renderer: NVIDIA GeForce RTX 4060 Ti (ID=0x2803)
    Vendor:   NVIDIA
    VRAM:     16109 MB
    Driver:   32.0.15.6094
Initialize mono
Mono path[0] = 'C:/Program Files/Unity/Hub/Editor/2021.3.7f1/Editor/Data/Managed'
Mono path[1] = 'C:/Program Files/Unity/Hub/Editor/2021.3.7f1/Editor/Data/MonoBleedingEdge/lib/mono/unityjit-win32'
Mono config path = 'C:/Program Files/Unity/Hub/Editor/2021.3.7f1/Editor/Data/MonoBleedingEdge/etc'
Using monoOptions --debugger-agent=transport=dt_socket,embedding=1,server=y,suspend=n,address=127.0.0.1:56052
Begin MonoManager ReloadAssembly
Registering precompiled unity dll's ...
Register platform support module: C:/Program Files/Unity/Hub/Editor/2021.3.7f1/Editor/Data/PlaybackEngines/AndroidPlayer/UnityEditor.Android.Extensions.dll
Register platform support module: C:/Program Files/Unity/Hub/Editor/2021.3.7f1/Editor/Data/PlaybackEngines/WindowsStandaloneSupport/UnityEditor.WindowsStandalone.Extensions.dll
Registered in 0.005432 seconds.
Native extension for WindowsStandalone target not found
Native extension for Android target not found
Refreshing native plugins compatible for Editor in 67.36 ms, found 4 plugins.
Preloading 0 native plugins for Editor in 0.00 ms.
Mono: successfully reloaded assembly
- Completed reload, in  0.402 seconds
Domain Reload Profiling:
	ReloadAssembly (402ms)
		BeginReloadAssembly (44ms)
			ExecutionOrderSort (0ms)
			DisableScriptedObjects (0ms)
			BackupInstance (0ms)
			ReleaseScriptingObjects (0ms)
			CreateAndSetChildDomain (0ms)
		EndReloadAssembly (295ms)
			LoadAssemblies (42ms)
			RebuildTransferFunctionScriptingTraits (0ms)
			SetupTypeCache (60ms)
			ReleaseScriptCaches (0ms)
			RebuildScriptCaches (19ms)
			SetupLoadedEditorAssemblies (183ms)
				LogAssemblyErrors (0ms)
				InitializePlatformSupportModulesInManaged (38ms)
				SetLoadedEditorAssemblies (0ms)
				RefreshPlugins (67ms)
				BeforeProcessingInitializeOnLoad (1ms)
				ProcessInitializeOnLoadAttributes (53ms)
				ProcessInitializeOnLoadMethodAttributes (24ms)
				AfterProcessingInitializeOnLoad (0ms)
				EditorAssembliesLoaded (0ms)
			ExecutionOrderSort2 (0ms)
			AwakeInstancesAfterBackupRestoration (0ms)
Platform modules already initialized, skipping
Registering precompiled user dll's ...
Registered in 0.005355 seconds.
Begin MonoManager ReloadAssembly
Symbol file LoadedFromMemory doesn't match image C:\Users\Dchan\Documents\GitHub\Patterns\Library\PackageCache\com.unity.visualscripting@1.7.8\Editor\VisualScripting.Core\Dependencies\YamlDotNet\Unity.VisualScripting.YamlDotNet.dll
Symbol file LoadedFromMemory doesn't match image C:\Users\Dchan\Documents\GitHub\Patterns\Library\PackageCache\com.unity.visualscripting@1.7.8\Editor\VisualScripting.Core\Dependencies\DotNetZip\Unity.VisualScripting.IonicZip.dll
Native extension for WindowsStandalone target not found
Native extension for Android target not found
Refreshing native plugins compatible for Editor in 66.04 ms, found 4 plugins.
Preloading 0 native plugins for Editor in 0.00 ms.
Package Manager log level set to [2]
DefineAsset postprocess failed
UnityEngine.StackTraceUtility:ExtractStackTrace ()
UnityEngine.DebugLogHandler:LogFormat (UnityEngine.LogType,UnityEngine.Object,string,object[])
UnityEngine.Logger:Log (UnityEngine.LogType,object)
UnityEngine.Debug:LogError (object)
Scellecs.Morpeh.Utils.Editor.DefineAsset:Initialize () (at Library/PackageCache/com.scellecs.morpeh@edf25dbb28/Unity/Utils/Editor/DefineAsset.cs:80)
System.Reflection.RuntimeMethodInfo:Invoke (object,System.Reflection.BindingFlags,System.Reflection.Binder,object[],System.Globalization.CultureInfo)
System.Reflection.MethodBase:Invoke (object,object[])
UnityEditor.EditorAssemblies:ProcessInitializeOnLoadMethodAttributes ()

(Filename: Library/PackageCache/com.scellecs.morpeh@edf25dbb28/Unity/Utils/Editor/DefineAsset.cs Line: 80)

Mono: successfully reloaded assembly
- Completed reload, in  0.880 seconds
Domain Reload Profiling:
	ReloadAssembly (881ms)
		BeginReloadAssembly (185ms)
			ExecutionOrderSort (0ms)
			DisableScriptedObjects (3ms)
			BackupInstance (0ms)
			ReleaseScriptingObjects (0ms)
			CreateAndSetChildDomain (130ms)
		EndReloadAssembly (628ms)
			LoadAssemblies (60ms)
			RebuildTransferFunctionScriptingTraits (0ms)
			SetupTypeCache (167ms)
			ReleaseScriptCaches (1ms)
			RebuildScriptCaches (36ms)
			SetupLoadedEditorAssemblies (334ms)
				LogAssemblyErrors (0ms)
				InitializePlatformSupportModulesInManaged (8ms)
				SetLoadedEditorAssemblies (0ms)
				RefreshPlugins (66ms)
				BeforeProcessingInitializeOnLoad (73ms)
				ProcessInitializeOnLoadAttributes (141ms)
				ProcessInitializeOnLoadMethodAttributes (38ms)
				AfterProcessingInitializeOnLoad (7ms)
				EditorAssembliesLoaded (0ms)
			ExecutionOrderSort2 (0ms)
			AwakeInstancesAfterBackupRestoration (3ms)
Platform modules already initialized, skipping
========================================================================
Worker process is ready to serve import requests
Launched and connected shader compiler UnityShaderCompiler.exe after 0.04 seconds
Refreshing native plugins compatible for Editor in 0.87 ms, found 4 plugins.
Preloading 0 native plugins for Editor in 0.00 ms.
Unloading 5650 Unused Serialized files (Serialized files now loaded: 0)
Unloading 46 unused Assets / (222.7 KB). Loaded Objects now: 6101.
Memory consumption went from 200.0 MB to 199.8 MB.
Total: 2.731100 ms (FindLiveObjects: 0.346600 ms CreateObjectMapping: 0.101800 ms MarkObjects: 2.158700 ms  DeleteObjects: 0.123300 ms)

AssetImportParameters requested are different than current active one (requested -> active):
  custom:video-decoder-ogg-theora: a1e56fd34408186e4bbccfd4996cb3dc -> 
  custom:container-muxer-webm: aa71ff27fc2769a1b78a27578f13a17b -> 
  custom:container-demuxer-webm: 4f35f7cbe854078d1ac9338744f61a02 -> 
  custom:video-encoder-webm-vp8: eb34c28f22e8b96e1ab97ce403110664 -> 
  custom:audio-encoder-webm-vorbis: bf7c407c2cedff20999df2af8eb42d56 -> 
  custom:framework-win-MediaFoundation: 216162199b28c13a410421893ffa2e32 -> 
  custom:container-demuxer-ogg: 62fdf1f143b41e24485cea50d1cbac27 -> 
  custom:video-decoder-webm-vp8: 9c59270c3fd7afecdb556c50c9e8de78 -> 
  custom:audio-decoder-ogg-vorbis: bf7c407c2cedff20999df2af8eb42d56 -> 
========================================================================
Received Import Request.
  Time since last request: 161052.673043 seconds.
  path: Assets/TicTacToe_MVVM/Scripts/Core/ButtonExtensions.cs
  artifactKey: Guid(a70a5c4ad289d574ea582baa89de1beb) Importer(815301076,1909f56bfc062723c751e8b465ee728b)
Start importing Assets/TicTacToe_MVVM/Scripts/Core/ButtonExtensions.cs using Guid(a70a5c4ad289d574ea582baa89de1beb) Importer(815301076,1909f56bfc062723c751e8b465ee728b)  -> (artifact id: '0943b3a01608e2d6c0eb2d513d370d04') in 0.023710 seconds 
========================================================================
Received Import Request.
  Time since last request: 10.553157 seconds.
  path: Assets/TicTacToe_MVVM/Scripts/Extensions
  artifactKey: Guid(2e21a4dda2fcc9e4e8525dee2df4e20e) Importer(815301076,1909f56bfc062723c751e8b465ee728b)
Start importing Assets/TicTacToe_MVVM/Scripts/Extensions using Guid(2e21a4dda2fcc9e4e8525dee2df4e20e) Importer(815301076,1909f56bfc062723c751e8b465ee728b)  -> (artifact id: '484e8b731a2b6dc06c2692ef667b7904') in 0.003723 seconds 
========================================================================
Received Import Request.
  Time since last request: 21.407910 seconds.
  path: Assets/TicTacToe_MVP
  artifactKey: Guid(a6dae1845998ab64a8827e7a92614be4) Importer(815301076,1909f56bfc062723c751e8b465ee728b)
Start importing Assets/TicTacToe_MVP using Guid(a6dae1845998ab64a8827e7a92614be4) Importer(815301076,1909f56bfc062723c751e8b465ee728b)  -> (artifact id: '361f1b655508ac5f7872f7766cc5970a') in 0.001139 seconds 
========================================================================
Received Prepare
Registering precompiled user dll's ...
Registered in 0.005478 seconds.
Begin MonoManager ReloadAssembly
Symbol file LoadedFromMemory doesn't match image C:\Users\Dchan\Documents\GitHub\Patterns\Library\PackageCache\com.unity.visualscripting@1.7.8\Editor\VisualScripting.Core\Dependencies\YamlDotNet\Unity.VisualScripting.YamlDotNet.dll
Symbol file LoadedFromMemory doesn't match image C:\Users\Dchan\Documents\GitHub\Patterns\Library\PackageCache\com.unity.visualscripting@1.7.8\Editor\VisualScripting.Core\Dependencies\DotNetZip\Unity.VisualScripting.IonicZip.dll
Native extension for WindowsStandalone target not found
Native extension for Android target not found
Refreshing native plugins compatible for Editor in 0.72 ms, found 4 plugins.
Preloading 0 native plugins for Editor in 0.00 ms.
[Package Manager] Server::EnsureServerProcessIsRunning -- launch failed, reason: Unity was launched with the -noUpm command-line argument
[Package Manager] Cannot connect to Unity Package Manager local server
[Package Manager] Server::EnsureServerProcessIsRunning -- launch failed, reason: Unity was launched with the -noUpm command-line argument
[Package Manager] Cannot connect to Unity Package Manager local server
DefineAsset postprocess failed
UnityEngine.StackTraceUtility:ExtractStackTrace ()
UnityEngine.DebugLogHandler:LogFormat (UnityEngine.LogType,UnityEngine.Object,string,object[])
UnityEngine.Logger:Log (UnityEngine.LogType,object)
UnityEngine.Debug:LogError (object)
Scellecs.Morpeh.Utils.Editor.DefineAsset:Initialize () (at Library/PackageCache/com.scellecs.morpeh@edf25dbb28/Unity/Utils/Editor/DefineAsset.cs:80)
System.Reflection.RuntimeMethodInfo:Invoke (object,System.Reflection.BindingFlags,System.Reflection.Binder,object[],System.Globalization.CultureInfo)
System.Reflection.MethodBase:Invoke (object,object[])
UnityEditor.EditorAssemblies:ProcessInitializeOnLoadMethodAttributes ()

(Filename: Library/PackageCache/com.scellecs.morpeh@edf25dbb28/Unity/Utils/Editor/DefineAsset.cs Line: 80)

Mono: successfully reloaded assembly
<b>Compilation Report</b>: 0,68 seconds
────────────────────────────────────
────────────────────────────────────
 <b>Compilation Total:</b> 0,00 seconds
 <b>Assembly Reload Time:</b> 0,68 seconds
UnityEngine.StackTraceUtility:ExtractStackTrace ()
UnityEngine.DebugLogHandler:LogFormat (UnityEngine.LogType,UnityEngine.Object,string,object[])
UnityEngine.Logger:Log (UnityEngine.LogType,object)
UnityEngine.Debug:Log (object)
Scellecs.Morpeh.Utils.Editor.CompilationTime:AssemblyReloadEventsOnAfterAssemblyReload () (at Library/PackageCache/com.scellecs.morpeh@edf25dbb28/Unity/Utils/Editor/CompilationTime.cs:75)
UnityEditor.AssemblyReloadEvents:OnAfterAssemblyReload ()

(Filename: Library/PackageCache/com.scellecs.morpeh@edf25dbb28/Unity/Utils/Editor/CompilationTime.cs Line: 75)

- Completed reload, in  0.687 seconds
Domain Reload Profiling:
	ReloadAssembly (688ms)
		BeginReloadAssembly (103ms)
			ExecutionOrderSort (0ms)
			DisableScriptedObjects (4ms)
			BackupInstance (0ms)
			ReleaseScriptingObjects (0ms)
			CreateAndSetChildDomain (39ms)
		EndReloadAssembly (525ms)
			LoadAssemblies (59ms)
			RebuildTransferFunctionScriptingTraits (0ms)
			SetupTypeCache (166ms)
			ReleaseScriptCaches (1ms)
			RebuildScriptCaches (28ms)
			SetupLoadedEditorAssemblies (240ms)
				LogAssemblyErrors (0ms)
				InitializePlatformSupportModulesInManaged (13ms)
				SetLoadedEditorAssemblies (0ms)
				RefreshPlugins (1ms)
				BeforeProcessingInitializeOnLoad (57ms)
				ProcessInitializeOnLoadAttributes (127ms)
				ProcessInitializeOnLoadMethodAttributes (36ms)
				AfterProcessingInitializeOnLoad (6ms)
				EditorAssembliesLoaded (0ms)
			ExecutionOrderSort2 (0ms)
			AwakeInstancesAfterBackupRestoration (4ms)
Platform modules already initialized, skipping
Refreshing native plugins compatible for Editor in 1.91 ms, found 4 plugins.
Preloading 0 native plugins for Editor in 0.00 ms.
Unloading 5632 Unused Serialized files (Serialized files now loaded: 0)
Unloading 33 unused Assets / (190.0 KB). Loaded Objects now: 6104.
Memory consumption went from 198.9 MB to 198.7 MB.
Total: 2.681000 ms (FindLiveObjects: 0.286600 ms CreateObjectMapping: 0.129300 ms MarkObjects: 2.158400 ms  DeleteObjects: 0.106200 ms)

AssetImportParameters requested are different than current active one (requested -> active):
  custom:video-decoder-ogg-theora: a1e56fd34408186e4bbccfd4996cb3dc -> 
  custom:container-muxer-webm: aa71ff27fc2769a1b78a27578f13a17b -> 
  custom:container-demuxer-webm: 4f35f7cbe854078d1ac9338744f61a02 -> 
  custom:video-encoder-webm-vp8: eb34c28f22e8b96e1ab97ce403110664 -> 
  custom:audio-encoder-webm-vorbis: bf7c407c2cedff20999df2af8eb42d56 -> 
  custom:framework-win-MediaFoundation: 216162199b28c13a410421893ffa2e32 -> 
  custom:container-demuxer-ogg: 62fdf1f143b41e24485cea50d1cbac27 -> 
  custom:video-decoder-webm-vp8: 9c59270c3fd7afecdb556c50c9e8de78 -> 
  custom:audio-decoder-ogg-vorbis: bf7c407c2cedff20999df2af8eb42d56 -> 
========================================================================
Received Prepare
Registering precompiled user dll's ...
Registered in 0.004958 seconds.
Begin MonoManager ReloadAssembly
Symbol file LoadedFromMemory doesn't match image C:\Users\Dchan\Documents\GitHub\Patterns\Library\PackageCache\com.unity.visualscripting@1.7.8\Editor\VisualScripting.Core\Dependencies\YamlDotNet\Unity.VisualScripting.YamlDotNet.dll
Symbol file LoadedFromMemory doesn't match image C:\Users\Dchan\Documents\GitHub\Patterns\Library\PackageCache\com.unity.visualscripting@1.7.8\Editor\VisualScripting.Core\Dependencies\DotNetZip\Unity.VisualScripting.IonicZip.dll
Native extension for WindowsStandalone target not found
Native extension for Android target not found
Refreshing native plugins compatible for Editor in 0.60 ms, found 4 plugins.
Preloading 0 native plugins for Editor in 0.00 ms.
[Package Manager] Server::EnsureServerProcessIsRunning -- launch failed, reason: Unity was launched with the -noUpm command-line argument
[Package Manager] Cannot connect to Unity Package Manager local server
[Package Manager] Server::EnsureServerProcessIsRunning -- launch failed, reason: Unity was launched with the -noUpm command-line argument
[Package Manager] Cannot connect to Unity Package Manager local server
DefineAsset postprocess failed
UnityEngine.StackTraceUtility:ExtractStackTrace ()
UnityEngine.DebugLogHandler:LogFormat (UnityEngine.LogType,UnityEngine.Object,string,object[])
UnityEngine.Logger:Log (UnityEngine.LogType,object)
UnityEngine.Debug:LogError (object)
Scellecs.Morpeh.Utils.Editor.DefineAsset:Initialize () (at Library/PackageCache/com.scellecs.morpeh@edf25dbb28/Unity/Utils/Editor/DefineAsset.cs:80)
System.Reflection.RuntimeMethodInfo:Invoke (object,System.Reflection.BindingFlags,System.Reflection.Binder,object[],System.Globalization.CultureInfo)
System.Reflection.MethodBase:Invoke (object,object[])
UnityEditor.EditorAssemblies:ProcessInitializeOnLoadMethodAttributes ()

(Filename: Library/PackageCache/com.scellecs.morpeh@edf25dbb28/Unity/Utils/Editor/DefineAsset.cs Line: 80)

Mono: successfully reloaded assembly
<b>Compilation Report</b>: 0,65 seconds
────────────────────────────────────
────────────────────────────────────
 <b>Compilation Total:</b> 0,00 seconds
 <b>Assembly Reload Time:</b> 0,65 seconds
UnityEngine.StackTraceUtility:ExtractStackTrace ()
UnityEngine.DebugLogHandler:LogFormat (UnityEngine.LogType,UnityEngine.Object,string,object[])
UnityEngine.Logger:Log (UnityEngine.LogType,object)
UnityEngine.Debug:Log (object)
Scellecs.Morpeh.Utils.Editor.CompilationTime:AssemblyReloadEventsOnAfterAssemblyReload () (at Library/PackageCache/com.scellecs.morpeh@edf25dbb28/Unity/Utils/Editor/CompilationTime.cs:75)
UnityEditor.AssemblyReloadEvents:OnAfterAssemblyReload ()

(Filename: Library/PackageCache/com.scellecs.morpeh@edf25dbb28/Unity/Utils/Editor/CompilationTime.cs Line: 75)

- Completed reload, in  0.660 seconds
Domain Reload Profiling:
	ReloadAssembly (661ms)
		BeginReloadAssembly (97ms)
			ExecutionOrderSort (0ms)
			DisableScriptedObjects (3ms)
			BackupInstance (0ms)
			ReleaseScriptingObjects (0ms)
			CreateAndSetChildDomain (33ms)
		EndReloadAssembly (505ms)
			LoadAssemblies (58ms)
			RebuildTransferFunctionScriptingTraits (0ms)
			SetupTypeCache (160ms)
			ReleaseScriptCaches (1ms)
			RebuildScriptCaches (28ms)
			SetupLoadedEditorAssemblies (231ms)
				LogAssemblyErrors (0ms)
				InitializePlatformSupportModulesInManaged (12ms)
				SetLoadedEditorAssemblies (0ms)
				RefreshPlugins (1ms)
				BeforeProcessingInitializeOnLoad (55ms)
				ProcessInitializeOnLoadAttributes (122ms)
				ProcessInitializeOnLoadMethodAttributes (35ms)
				AfterProcessingInitializeOnLoad (6ms)
				EditorAssembliesLoaded (0ms)
			ExecutionOrderSort2 (0ms)
			AwakeInstancesAfterBackupRestoration (5ms)
Platform modules already initialized, skipping
Refreshing native plugins compatible for Editor in 2.03 ms, found 4 plugins.
Preloading 0 native plugins for Editor in 0.00 ms.
Unloading 5632 Unused Serialized files (Serialized files now loaded: 0)
Unloading 33 unused Assets / (190.2 KB). Loaded Objects now: 6107.
Memory consumption went from 198.9 MB to 198.7 MB.
Total: 2.648900 ms (FindLiveObjects: 0.329200 ms CreateObjectMapping: 0.079100 ms MarkObjects: 2.121100 ms  DeleteObjects: 0.118600 ms)

AssetImportParameters requested are different than current active one (requested -> active):
  custom:video-decoder-ogg-theora: a1e56fd34408186e4bbccfd4996cb3dc -> 
  custom:container-muxer-webm: aa71ff27fc2769a1b78a27578f13a17b -> 
  custom:container-demuxer-webm: 4f35f7cbe854078d1ac9338744f61a02 -> 
  custom:video-encoder-webm-vp8: eb34c28f22e8b96e1ab97ce403110664 -> 
  custom:audio-encoder-webm-vorbis: bf7c407c2cedff20999df2af8eb42d56 -> 
  custom:framework-win-MediaFoundation: 216162199b28c13a410421893ffa2e32 -> 
  custom:container-demuxer-ogg: 62fdf1f143b41e24485cea50d1cbac27 -> 
  custom:video-decoder-webm-vp8: 9c59270c3fd7afecdb556c50c9e8de78 -> 
  custom:audio-decoder-ogg-vorbis: bf7c407c2cedff20999df2af8eb42d56 -> 
========================================================================
Received Import Request.
  Time since last request: 17.544063 seconds.
  path: Assets/TicTacToe_MVP/Scripts/Extensions/UI
  artifactKey: Guid(49ec73a30cd1d694b9d3c147e0fecd3b) Importer(815301076,1909f56bfc062723c751e8b465ee728b)
Start importing Assets/TicTacToe_MVP/Scripts/Extensions/UI using Guid(49ec73a30cd1d694b9d3c147e0fecd3b) Importer(815301076,1909f56bfc062723c751e8b465ee728b)  -> (artifact id: 'b1988aacaeca51a0b714b55e04fb60ff') in 0.008703 seconds 
========================================================================
Received Prepare
Registering precompiled user dll's ...
Registered in 0.005432 seconds.
Begin MonoManager ReloadAssembly
Symbol file LoadedFromMemory doesn't match image C:\Users\Dchan\Documents\GitHub\Patterns\Library\PackageCache\com.unity.visualscripting@1.7.8\Editor\VisualScripting.Core\Dependencies\YamlDotNet\Unity.VisualScripting.YamlDotNet.dll
Symbol file LoadedFromMemory doesn't match image C:\Users\Dchan\Documents\GitHub\Patterns\Library\PackageCache\com.unity.visualscripting@1.7.8\Editor\VisualScripting.Core\Dependencies\DotNetZip\Unity.VisualScripting.IonicZip.dll
Native extension for WindowsStandalone target not found
Native extension for Android target not found
Refreshing native plugins compatible for Editor in 0.76 ms, found 4 plugins.
Preloading 0 native plugins for Editor in 0.00 ms.
[Package Manager] Server::EnsureServerProcessIsRunning -- launch failed, reason: Unity was launched with the -noUpm command-line argument
[Package Manager] Cannot connect to Unity Package Manager local server
[Package Manager] Server::EnsureServerProcessIsRunning -- launch failed, reason: Unity was launched with the -noUpm command-line argument
[Package Manager] Cannot connect to Unity Package Manager local server
DefineAsset postprocess failed
UnityEngine.StackTraceUtility:ExtractStackTrace ()
UnityEngine.DebugLogHandler:LogFormat (UnityEngine.LogType,UnityEngine.Object,string,object[])
UnityEngine.Logger:Log (UnityEngine.LogType,object)
UnityEngine.Debug:LogError (object)
Scellecs.Morpeh.Utils.Editor.DefineAsset:Initialize () (at Library/PackageCache/com.scellecs.morpeh@edf25dbb28/Unity/Utils/Editor/DefineAsset.cs:80)
System.Reflection.RuntimeMethodInfo:Invoke (object,System.Reflection.BindingFlags,System.Reflection.Binder,object[],System.Globalization.CultureInfo)
System.Reflection.MethodBase:Invoke (object,object[])
UnityEditor.EditorAssemblies:ProcessInitializeOnLoadMethodAttributes ()

(Filename: Library/PackageCache/com.scellecs.morpeh@edf25dbb28/Unity/Utils/Editor/DefineAsset.cs Line: 80)

Mono: successfully reloaded assembly
<b>Compilation Report</b>: 0,69 seconds
────────────────────────────────────
────────────────────────────────────
 <b>Compilation Total:</b> 0,00 seconds
 <b>Assembly Reload Time:</b> 0,69 seconds
UnityEngine.StackTraceUtility:ExtractStackTrace ()
UnityEngine.DebugLogHandler:LogFormat (UnityEngine.LogType,UnityEngine.Object,string,object[])
UnityEngine.Logger:Log (UnityEngine.LogType,object)
UnityEngine.Debug:Log (object)
Scellecs.Morpeh.Utils.Editor.CompilationTime:AssemblyReloadEventsOnAfterAssemblyReload () (at Library/PackageCache/com.scellecs.morpeh@edf25dbb28/Unity/Utils/Editor/CompilationTime.cs:75)
UnityEditor.AssemblyReloadEvents:OnAfterAssemblyReload ()

(Filename: Library/PackageCache/com.scellecs.morpeh@edf25dbb28/Unity/Utils/Editor/CompilationTime.cs Line: 75)

- Completed reload, in  0.696 seconds
Domain Reload Profiling:
	ReloadAssembly (697ms)
		BeginReloadAssembly (102ms)
			ExecutionOrderSort (0ms)
			DisableScriptedObjects (4ms)
			BackupInstance (0ms)
			ReleaseScriptingObjects (0ms)
			CreateAndSetChildDomain (37ms)
		EndReloadAssembly (530ms)
			LoadAssemblies (63ms)
			RebuildTransferFunctionScriptingTraits (0ms)
			SetupTypeCache (161ms)
			ReleaseScriptCaches (1ms)
			RebuildScriptCaches (30ms)
			SetupLoadedEditorAssemblies (241ms)
				LogAssemblyErrors (0ms)
				InitializePlatformSupportModulesInManaged (14ms)
				SetLoadedEditorAssemblies (0ms)
				RefreshPlugins (1ms)
				BeforeProcessingInitializeOnLoad (58ms)
				ProcessInitializeOnLoadAttributes (128ms)
				ProcessInitializeOnLoadMethodAttributes (34ms)
				AfterProcessingInitializeOnLoad (6ms)
				EditorAssembliesLoaded (0ms)
			ExecutionOrderSort2 (0ms)
			AwakeInstancesAfterBackupRestoration (5ms)
Platform modules already initialized, skipping
Refreshing native plugins compatible for Editor in 1.82 ms, found 4 plugins.
Preloading 0 native plugins for Editor in 0.00 ms.
Unloading 5632 Unused Serialized files (Serialized files now loaded: 0)
Unloading 33 unused Assets / (190.1 KB). Loaded Objects now: 6110.
Memory consumption went from 198.9 MB to 198.7 MB.
Total: 2.571500 ms (FindLiveObjects: 0.303000 ms CreateObjectMapping: 0.109000 ms MarkObjects: 2.049900 ms  DeleteObjects: 0.108900 ms)

AssetImportParameters requested are different than current active one (requested -> active):
  custom:video-decoder-ogg-theora: a1e56fd34408186e4bbccfd4996cb3dc -> 
  custom:container-muxer-webm: aa71ff27fc2769a1b78a27578f13a17b -> 
  custom:container-demuxer-webm: 4f35f7cbe854078d1ac9338744f61a02 -> 
  custom:video-encoder-webm-vp8: eb34c28f22e8b96e1ab97ce403110664 -> 
  custom:audio-encoder-webm-vorbis: bf7c407c2cedff20999df2af8eb42d56 -> 
  custom:framework-win-MediaFoundation: 216162199b28c13a410421893ffa2e32 -> 
  custom:container-demuxer-ogg: 62fdf1f143b41e24485cea50d1cbac27 -> 
  custom:video-decoder-webm-vp8: 9c59270c3fd7afecdb556c50c9e8de78 -> 
  custom:audio-decoder-ogg-vorbis: bf7c407c2cedff20999df2af8eb42d56 -> 
========================================================================
Received Import Request.
  Time since last request: 13.955395 seconds.
  path: Assets/TicTacToe_MVP/Scripts/Core/Presenter/DefaultPresenter.cs
  artifactKey: Guid(dc6e61c4f5a065440a56a9c4a8846d6f) Importer(815301076,1909f56bfc062723c751e8b465ee728b)
Start importing Assets/TicTacToe_MVP/Scripts/Core/Presenter/DefaultPresenter.cs using Guid(dc6e61c4f5a065440a56a9c4a8846d6f) Importer(815301076,1909f56bfc062723c751e8b465ee728b)  -> (artifact id: '4f997cde1ba1f3bd46898715bbc96174') in 0.008513 seconds 
========================================================================
Received Import Request.
  Time since last request: 0.960903 seconds.
  path: Assets/TicTacToe_MVP/Scripts/Core/Presenter/Presenter.cs
  artifactKey: Guid(35461f42faf708f40a74d7597a4e4dc0) Importer(815301076,1909f56bfc062723c751e8b465ee728b)
Start importing Assets/TicTacToe_MVP/Scripts/Core/Presenter/Presenter.cs using Guid(35461f42faf708f40a74d7597a4e4dc0) Importer(815301076,1909f56bfc062723c751e8b465ee728b)  -> (artifact id: '57bb4ac231953bca0b886e880b9fb56b') in 0.001363 seconds 
========================================================================
Received Import Request.
  Time since last request: 86.076189 seconds.
  path: Assets/TicTacToe_MVP/Scripts/Core/View/View.cs
  artifactKey: Guid(894c7a28ae8f7de46b63fdf9e8a1eaec) Importer(815301076,1909f56bfc062723c751e8b465ee728b)
Start importing Assets/TicTacToe_MVP/Scripts/Core/View/View.cs using Guid(894c7a28ae8f7de46b63fdf9e8a1eaec) Importer(815301076,1909f56bfc062723c751e8b465ee728b)  -> (artifact id: '2968158e79397d7813461da0d0b227b7') in 0.001274 seconds 
========================================================================
Received Prepare
Registering precompiled user dll's ...
Registered in 0.004858 seconds.
Begin MonoManager ReloadAssembly
Symbol file LoadedFromMemory doesn't match image C:\Users\Dchan\Documents\GitHub\Patterns\Library\PackageCache\com.unity.visualscripting@1.7.8\Editor\VisualScripting.Core\Dependencies\YamlDotNet\Unity.VisualScripting.YamlDotNet.dll
Symbol file LoadedFromMemory doesn't match image C:\Users\Dchan\Documents\GitHub\Patterns\Library\PackageCache\com.unity.visualscripting@1.7.8\Editor\VisualScripting.Core\Dependencies\DotNetZip\Unity.VisualScripting.IonicZip.dll
Native extension for WindowsStandalone target not found
Native extension for Android target not found
Refreshing native plugins compatible for Editor in 1.19 ms, found 4 plugins.
Preloading 0 native plugins for Editor in 0.00 ms.
[Package Manager] Server::EnsureServerProcessIsRunning -- launch failed, reason: Unity was launched with the -noUpm command-line argument
[Package Manager] Cannot connect to Unity Package Manager local server
[Package Manager] Server::EnsureServerProcessIsRunning -- launch failed, reason: Unity was launched with the -noUpm command-line argument
[Package Manager] Cannot connect to Unity Package Manager local server
DefineAsset postprocess failed
UnityEngine.StackTraceUtility:ExtractStackTrace ()
UnityEngine.DebugLogHandler:LogFormat (UnityEngine.LogType,UnityEngine.Object,string,object[])
UnityEngine.Logger:Log (UnityEngine.LogType,object)
UnityEngine.Debug:LogError (object)
Scellecs.Morpeh.Utils.Editor.DefineAsset:Initialize () (at Library/PackageCache/com.scellecs.morpeh@edf25dbb28/Unity/Utils/Editor/DefineAsset.cs:80)
System.Reflection.RuntimeMethodInfo:Invoke (object,System.Reflection.BindingFlags,System.Reflection.Binder,object[],System.Globalization.CultureInfo)
System.Reflection.MethodBase:Invoke (object,object[])
UnityEditor.EditorAssemblies:ProcessInitializeOnLoadMethodAttributes ()

(Filename: Library/PackageCache/com.scellecs.morpeh@edf25dbb28/Unity/Utils/Editor/DefineAsset.cs Line: 80)

Mono: successfully reloaded assembly
<b>Compilation Report</b>: 0,74 seconds
────────────────────────────────────
────────────────────────────────────
 <b>Compilation Total:</b> 0,00 seconds
 <b>Assembly Reload Time:</b> 0,74 seconds
UnityEngine.StackTraceUtility:ExtractStackTrace ()
UnityEngine.DebugLogHandler:LogFormat (UnityEngine.LogType,UnityEngine.Object,string,object[])
UnityEngine.Logger:Log (UnityEngine.LogType,object)
UnityEngine.Debug:Log (object)
Scellecs.Morpeh.Utils.Editor.CompilationTime:AssemblyReloadEventsOnAfterAssemblyReload () (at Library/PackageCache/com.scellecs.morpeh@edf25dbb28/Unity/Utils/Editor/CompilationTime.cs:75)
UnityEditor.AssemblyReloadEvents:OnAfterAssemblyReload ()

(Filename: Library/PackageCache/com.scellecs.morpeh@edf25dbb28/Unity/Utils/Editor/CompilationTime.cs Line: 75)

- Completed reload, in  0.752 seconds
Domain Reload Profiling:
	ReloadAssembly (753ms)
		BeginReloadAssembly (114ms)
			ExecutionOrderSort (0ms)
			DisableScriptedObjects (3ms)
			BackupInstance (0ms)
			ReleaseScriptingObjects (0ms)
			CreateAndSetChildDomain (39ms)
		EndReloadAssembly (572ms)
			LoadAssemblies (69ms)
			RebuildTransferFunctionScriptingTraits (0ms)
			SetupTypeCache (182ms)
			ReleaseScriptCaches (1ms)
			RebuildScriptCaches (33ms)
			SetupLoadedEditorAssemblies (253ms)
				LogAssemblyErrors (0ms)
				InitializePlatformSupportModulesInManaged (17ms)
				SetLoadedEditorAssemblies (0ms)
				RefreshPlugins (1ms)
				BeforeProcessingInitializeOnLoad (67ms)
				ProcessInitializeOnLoadAttributes (126ms)
				ProcessInitializeOnLoadMethodAttributes (35ms)
				AfterProcessingInitializeOnLoad (6ms)
				EditorAssembliesLoaded (0ms)
			ExecutionOrderSort2 (0ms)
			AwakeInstancesAfterBackupRestoration (5ms)
Platform modules already initialized, skipping
Refreshing native plugins compatible for Editor in 2.69 ms, found 4 plugins.
Preloading 0 native plugins for Editor in 0.00 ms.
Unloading 5632 Unused Serialized files (Serialized files now loaded: 0)
Unloading 33 unused Assets / (191.1 KB). Loaded Objects now: 6113.
Memory consumption went from 198.9 MB to 198.7 MB.
Total: 3.054300 ms (FindLiveObjects: 0.332500 ms CreateObjectMapping: 0.083100 ms MarkObjects: 2.460300 ms  DeleteObjects: 0.177500 ms)

AssetImportParameters requested are different than current active one (requested -> active):
  custom:video-decoder-ogg-theora: a1e56fd34408186e4bbccfd4996cb3dc -> 
  custom:container-muxer-webm: aa71ff27fc2769a1b78a27578f13a17b -> 
  custom:container-demuxer-webm: 4f35f7cbe854078d1ac9338744f61a02 -> 
  custom:video-encoder-webm-vp8: eb34c28f22e8b96e1ab97ce403110664 -> 
  custom:audio-encoder-webm-vorbis: bf7c407c2cedff20999df2af8eb42d56 -> 
  custom:framework-win-MediaFoundation: 216162199b28c13a410421893ffa2e32 -> 
  custom:container-demuxer-ogg: 62fdf1f143b41e24485cea50d1cbac27 -> 
  custom:video-decoder-webm-vp8: 9c59270c3fd7afecdb556c50c9e8de78 -> 
  custom:audio-decoder-ogg-vorbis: bf7c407c2cedff20999df2af8eb42d56 -> 
========================================================================
Received Import Request.
  Time since last request: 243.547958 seconds.
  path: Assets/Scenes/SampleScene.unity
  artifactKey: Guid(2cda990e2423bbf4892e6590ba056729) Importer(815301076,1909f56bfc062723c751e8b465ee728b)
Start importing Assets/Scenes/SampleScene.unity using Guid(2cda990e2423bbf4892e6590ba056729) Importer(815301076,1909f56bfc062723c751e8b465ee728b)  -> (artifact id: 'b8af382512f336a67404b6f28736816d') in 0.008781 seconds 
========================================================================
Received Import Request.
  Time since last request: 9.320127 seconds.
  path: Assets/Scenes 1/TicTacToe.unity
  artifactKey: Guid(d5ff1e44ab74910499c4fd368df1b4f3) Importer(815301076,1909f56bfc062723c751e8b465ee728b)
Start importing Assets/Scenes 1/TicTacToe.unity using Guid(d5ff1e44ab74910499c4fd368df1b4f3) Importer(815301076,1909f56bfc062723c751e8b465ee728b)  -> (artifact id: '742e1297c3042ddcd2d6cc2c9a444049') in 0.001542 seconds 
========================================================================
Received Import Request.
  Time since last request: 9.859699 seconds.
  path: Assets/Patterns/Scenes 1
  artifactKey: Guid(98940835bed8b8048bf028d3d7b0bf8d) Importer(815301076,1909f56bfc062723c751e8b465ee728b)
Start importing Assets/Patterns/Scenes 1 using Guid(98940835bed8b8048bf028d3d7b0bf8d) Importer(815301076,1909f56bfc062723c751e8b465ee728b)  -> (artifact id: '98af2a9f28d3e12d22b212a8a13614e4') in 0.001771 seconds 
========================================================================
Received Import Request.
  Time since last request: 2.065842 seconds.
  path: Assets/Patterns/Scenes
  artifactKey: Guid(98940835bed8b8048bf028d3d7b0bf8d) Importer(815301076,1909f56bfc062723c751e8b465ee728b)
Start importing Assets/Patterns/Scenes using Guid(98940835bed8b8048bf028d3d7b0bf8d) Importer(815301076,1909f56bfc062723c751e8b465ee728b)  -> (artifact id: 'b44704eb628ec6a29cdd20a81ec7566c') in 0.001613 seconds 
========================================================================
Received Import Request.
  Time since last request: 33.342209 seconds.
  path: Assets/Sprites
  artifactKey: Guid(7975d90037f643a4d91ca030595dd54c) Importer(815301076,1909f56bfc062723c751e8b465ee728b)
Start importing Assets/Sprites using Guid(7975d90037f643a4d91ca030595dd54c) Importer(815301076,1909f56bfc062723c751e8b465ee728b)  -> (artifact id: '74e6c78778caaac516e10976f2877e79') in 0.001649 seconds 
========================================================================
Received Import Request.
  Time since last request: 1.417378 seconds.
  path: Assets/Sprites/Abstract Factory
  artifactKey: Guid(09c1791385bcdeb4d9f720ebe8efa5f6) Importer(815301076,1909f56bfc062723c751e8b465ee728b)
Start importing Assets/Sprites/Abstract Factory using Guid(09c1791385bcdeb4d9f720ebe8efa5f6) Importer(815301076,1909f56bfc062723c751e8b465ee728b)  -> (artifact id: 'd107204fd76b8e99c5117fd5ed339b75') in 0.001507 seconds 
========================================================================
Received Import Request.
  Time since last request: 11.226853 seconds.
  path: Assets/TicTacToe_MVP/Scenes/TicTacToe.unity
  artifactKey: Guid(7d41dcc93c3fc1940a8ac3a12e10a76f) Importer(815301076,1909f56bfc062723c751e8b465ee728b)
Start importing Assets/TicTacToe_MVP/Scenes/TicTacToe.unity using Guid(7d41dcc93c3fc1940a8ac3a12e10a76f) Importer(815301076,1909f56bfc062723c751e8b465ee728b)  -> (artifact id: '2ab478a4b6bd8c651efdde262908abca') in 0.001428 seconds 
